  Building Custom Rule E:/ComponentDev/yaml-cpp/CMakeLists.txt
  graphbuilder.cpp
  graphbuilderadapter.cpp
  binary.cpp
  convert.cpp
  depthguard.cpp
  directives.cpp
  emit.cpp
  emitfromevents.cpp
  emitter.cpp
  emitterstate.cpp
  emitterutils.cpp
  exceptions.cpp
  exp.cpp
  memory.cpp
  node.cpp
  node_data.cpp
  nodebuilder.cpp
  nodeevents.cpp
  null.cpp
  ostream_wrapper.cpp
  正在编译...
  parse.cpp
  parser.cpp
  regex_yaml.cpp
  scanner.cpp
  scanscalar.cpp
  scantag.cpp
  scantoken.cpp
  simplekey.cpp
  singledocparser.cpp
  stream.cpp
  tag.cpp
  yaml-cpp.vcxproj -> E:\ComponentDev\yaml-cpp\Debug\yaml-cppd.lib
